<?xml version="1.0" encoding="UTF-8"?>
<testsuite xmlns:xsi="http://www.w3.org/2001/XMLSchema-instance" xsi:noNamespaceSchemaLocation="https://maven.apache.org/surefire/maven-surefire-plugin/xsd/surefire-test-report.xsd" name="se.kth.iv1350.salesystem.integration.ExternalSystemCreatorTest" time="0.05" tests="4" errors="0" skipped="0" failures="0">
  <properties>
[...]
</properties>
  <testcase name="testGetDiscountDatabase" classname="se.kth.iv1350.salesystem.integration.ExternalSystemCreatorTest" time="0.026"/>
  <testcase name="testGetPrinter" classname="se.kth.iv1350.salesystem.integration.ExternalSystemCreatorTest" time="0"/>
  <testcase name="testGetExternalAccounting" classname="se.kth.iv1350.salesystem.integration.ExternalSystemCreatorTest" time="0.002"/>
  <testcase name="testGetExternalInventory" classname="se.kth.iv1350.salesystem.integration.ExternalSystemCreatorTest" time="0.001"/>
</testsuite>